








10.793 [ERROR] [system.err] src/main/java/io/kamax/mxisd/config/sql/synapse/SynapseSqlProviderConfig.java:26: error: package org.apache.commons.lang does not exist
10.793 [ERROR] [system.err] import org.apache.commons.lang.StringUtils;
10.793 [ERROR] [system.err]                               ^
10.803 [ERROR] [system.err] src/main/java/io/kamax/mxisd/backend/sql/SqlConnectionPool.java:37: error: cannot find symbol
10.803 [ERROR] [system.err]     private ComboPooledDataSource ds;
10.803 [ERROR] [system.err]             ^
10.803 [ERROR] [system.err]   symbol:   class ComboPooledDataSource
10.803 [ERROR] [system.err]   location: class SqlConnectionPool
10.806 [ERROR] [system.err] src/main/java/io/kamax/mxisd/lookup/SingleLookupReply.java:23: error: package com.google.gson does not exist
10.806 [ERROR] [system.err] import com.google.gson.Gson;
10.806 [ERROR] [system.err]                       ^
10.808 [ERROR] [system.err] src/main/java/io/kamax/mxisd/lookup/SingleLookupReply.java:24: error: package com.google.gson does not exist
10.809 [ERROR] [system.err] import com.google.gson.JsonSyntaxException;
10.809 [ERROR] [system.err]                       ^
10.811 [ERROR] [system.err] src/main/java/io/kamax/mxisd/lookup/ThreePidMapping.java:23: error: package com.google.gson does not exist
10.811 [ERROR] [system.err] import com.google.gson.Gson;
10.811 [ERROR] [system.err]                       ^
10.812 [ERROR] [system.err] src/main/java/io/kamax/mxisd/lookup/ThreePidMapping.java:28: error: cannot find symbol
10.812 [ERROR] [system.err]     private static Gson gson = new Gson();
10.812 [ERROR] [system.err]                    ^
10.812 [ERROR] [system.err]   symbol:   class Gson
10.812 [ERROR] [system.err]   location: class ThreePidMapping
10.820 [ERROR] [system.err] src/main/java/io/kamax/mxisd/lookup/SingleLookupReply.java:35: error: cannot find symbol
10.820 [ERROR] [system.err]     private static Gson gson = new Gson();
10.820 [ERROR] [system.err]                    ^
10.820 [ERROR] [system.err]   symbol:   class Gson
10.820 [ERROR] [system.err]   location: class SingleLookupReply
10.825 [ERROR] [system.err] src/main/java/io/kamax/mxisd/config/MatrixConfig.java:25: error: package org.apache.commons.lang does not exist
10.825 [ERROR] [system.err] import org.apache.commons.lang.StringUtils;
10.825 [ERROR] [system.err]                               ^
10.831 [ERROR] [system.err] src/main/java/io/kamax/mxisd/matrix/HomeserverFederationResolver.java:23: error: package com.google.gson does not exist
10.831 [ERROR] [system.err] import com.google.gson.JsonObject;
10.831 [ERROR] [system.err]                       ^
10.832 [ERROR] [system.err] src/main/java/io/kamax/mxisd/matrix/HomeserverFederationResolver.java:28: error: package org.apache.http.client.methods does not exist
10.832 [ERROR] [system.err] import org.apache.http.client.methods.CloseableHttpResponse;
10.832 [ERROR] [system.err]                                      ^
10.832 [ERROR] [system.err] src/main/java/io/kamax/mxisd/matrix/HomeserverFederationResolver.java:29: error: package org.apache.http.client.methods does not exist
10.838 [ERROR] [system.err] import org.apache.http.client.methods.HttpGet;
10.838 [ERROR] [system.err]                                      ^
10.850 [ERROR] [system.err] src/main/java/io/kamax/mxisd/matrix/HomeserverFederationResolver.java:30: error: package org.apache.http.impl.client does not exist
10.850 [ERROR] [system.err] import org.apache.http.impl.client.CloseableHttpClient;
10.850 [ERROR] [system.err]                                   ^
10.858 [ERROR] [system.err] src/main/java/io/kamax/mxisd/matrix/HomeserverFederationResolver.java:31: error: package org.apache.http.util does not exist
10.858 [ERROR] [system.err] import org.apache.http.util.EntityUtils;
10.858 [ERROR] [system.err]                            ^
10.876 [ERROR] [system.err] src/main/java/io/kamax/mxisd/auth/OpenIdToken.java:3: error: package com.google.gson.annotations does not exist
10.876 [ERROR] [system.err] import com.google.gson.annotations.SerializedName;
10.876 [ERROR] [system.err]                                   ^
10.893 [ERROR] [system.err] src/main/java/io/kamax/mxisd/matrix/HomeserverFederationResolver.java:46: error: cannot find symbol
10.893 [ERROR] [system.err]     private CloseableHttpClient client;
10.893 [ERROR] [system.err]             ^
10.893 [ERROR] [system.err]   symbol:   class CloseableHttpClient
10.893 [ERROR] [system.err]   location: class HomeserverFederationResolver
10.893 [ERROR] [system.err] src/main/java/io/kamax/mxisd/matrix/HomeserverFederationResolver.java:48: error: cannot find symbol
10.893 [ERROR] [system.err]     public HomeserverFederationResolver(FederationDnsOverwrite dns, CloseableHttpClient client) {
10.894 [ERROR] [system.err]                                                                     ^
10.894 [ERROR] [system.err]   symbol:   class CloseableHttpClient
10.894 [ERROR] [system.err]   location: class HomeserverFederationResolver
10.898 [ERROR] [system.err] src/main/java/io/kamax/mxisd/registration/RegistrationManager.java:52: error: cannot find symbol
10.899 [ERROR] [system.err]     private final CloseableHttpClient client;
10.900 [ERROR] [system.err]                   ^
10.900 [ERROR] [system.err]   symbol:   class CloseableHttpClient
10.900 [ERROR] [system.err]   location: class RegistrationManager
10.901 [ERROR] [system.err] src/main/java/io/kamax/mxisd/registration/RegistrationManager.java:56: error: cannot find symbol
10.901 [ERROR] [system.err]     public RegistrationManager(RegisterConfig cfg, CloseableHttpClient client, ClientDnsOverwrite dns, InvitationManager invMgr) {
10.901 [ERROR] [system.err]                                                    ^
10.901 [ERROR] [system.err]   symbol:   class CloseableHttpClient
10.902 [ERROR] [system.err]   location: class RegistrationManager
10.902 [ERROR] [system.err] src/main/java/io/kamax/mxisd/registration/RegistrationManager.java:70: error: cannot find symbol
10.902 [ERROR] [system.err]     public RegistrationReply execute(URI target, JsonObject request) {
10.902 [ERROR] [system.err]                                                  ^
10.903 [ERROR] [system.err]   symbol:   class JsonObject
10.903 [ERROR] [system.err]   location: class RegistrationManager
10.909 [ERROR] [system.err] src/main/java/io/kamax/mxisd/registration/RegistrationReply.java:23: error: package com.google.gson does not exist
10.909 [ERROR] [system.err] import com.google.gson.JsonObject;
10.909 [ERROR] [system.err]                       ^
10.912 [ERROR] [system.err] src/main/java/io/kamax/mxisd/registration/RegistrationReply.java:28: error: cannot find symbol
10.912 [ERROR] [system.err]     private JsonObject body;
10.912 [ERROR] [system.err]             ^
10.912 [ERROR] [system.err]   symbol:   class JsonObject
10.912 [ERROR] [system.err]   location: class RegistrationReply
10.912 [ERROR] [system.err] src/main/java/io/kamax/mxisd/registration/RegistrationReply.java:38: error: cannot find symbol
10.913 [ERROR] [system.err]     public JsonObject getBody() {
10.913 [ERROR] [system.err]            ^
10.913 [ERROR] [system.err]   symbol:   class JsonObject
10.913 [ERROR] [system.err]   location: class RegistrationReply
10.914 [ERROR] [system.err] src/main/java/io/kamax/mxisd/registration/RegistrationReply.java:42: error: cannot find symbol
10.914 [ERROR] [system.err]     public void setBody(JsonObject body) {
10.914 [ERROR] [system.err]                         ^
10.914 [ERROR] [system.err]   symbol:   class JsonObject
10.914 [ERROR] [system.err]   location: class RegistrationReply
10.924 [ERROR] [system.err] src/main/java/io/kamax/mxisd/threepid/session/ThreePidSession.java:27: error: package org.apache.commons.lang does not exist
10.925 [ERROR] [system.err] import org.apache.commons.lang.StringUtils;
10.925 [ERROR] [system.err]                               ^
10.934 [ERROR] [system.err] src/main/java/io/kamax/mxisd/session/SessionManager.java:202: error: cannot find symbol
10.934 [ERROR] [system.err]     public void unbind(String auth, JsonObject reqData) {
10.934 [ERROR] [system.err]                                     ^
10.934 [ERROR] [system.err]   symbol:   class JsonObject
10.934 [ERROR] [system.err]   location: class SessionManager
10.934 [ERROR] [system.err] src/main/java/io/kamax/mxisd/session/SessionManager.java:256: error: cannot find symbol
10.934 [ERROR] [system.err]     private void checkAuthorization(String auth, JsonObject reqData) {
10.934 [ERROR] [system.err]                                                  ^
10.935 [ERROR] [system.err]   symbol:   class JsonObject
10.935 [ERROR] [system.err]   location: class SessionManager
10.936 [ERROR] [system.err] src/main/java/io/kamax/mxisd/session/SessionManager.java:346: error: cannot find symbol
10.936 [ERROR] [system.err]     private void verifyKey(String key, String signature, String canonical, CloseableHttpResponse response) throws IOException {
10.936 [ERROR] [system.err]                                                                            ^
10.936 [ERROR] [system.err]   symbol:   class CloseableHttpResponse
10.936 [ERROR] [system.err]   location: class SessionManager
10.951 [ERROR] [system.err] src/main/java/io/kamax/mxisd/util/GsonParser.java:27: error: package org.apache.http does not exist
10.951 [ERROR] [system.err] import org.apache.http.HttpResponse;
10.951 [ERROR] [system.err]                       ^
10.964 [ERROR] [system.err] src/main/java/io/kamax/matrix/client/regular/MatrixHttpClient.java:23: error: package com.google.gson does not exist
10.964 [ERROR] [system.err] import com.google.gson.JsonNull;
10.965 [ERROR] [system.err]                       ^
10.967 [ERROR] [system.err] src/main/java/io/kamax/matrix/client/regular/MatrixHttpClient.java:24: error: package com.google.gson does not exist
10.967 [ERROR] [system.err] import com.google.gson.JsonObject;
10.967 [ERROR] [system.err]                       ^
10.982 [ERROR] [system.err] src/main/java/io/kamax/matrix/client/AMatrixHttpClient.java:23: error: package com.google.gson does not exist
10.982 [ERROR] [system.err] import com.google.gson.Gson;
10.982 [ERROR] [system.err]                       ^
10.983 [ERROR] [system.err] src/main/java/io/kamax/matrix/client/AMatrixHttpClient.java:24: error: package com.google.gson does not exist
10.983 [ERROR] [system.err] import com.google.gson.JsonParser;
10.983 [ERROR] [system.err]                       ^
10.985 [ERROR] [system.err] src/main/java/io/kamax/matrix/client/AMatrixHttpClient.java:25: error: package com.google.gson does not exist
10.985 [ERROR] [system.err] import com.google.gson.JsonSyntaxException;
10.985 [ERROR] [system.err]                       ^
10.995 [ERROR] [system.err] src/main/java/io/kamax/matrix/client/_MatrixClient.java:23: error: package com.google.gson does not exist
10.996 [ERROR] [system.err] import com.google.gson.JsonObject;
10.996 [ERROR] [system.err]                       ^
10.999 [ERROR] [system.err] src/main/java/io/kamax/mxisd/as/processor/event/EventTypeProcessor.java:23: error: package com.google.gson does not exist
10.999 [ERROR] [system.err] import com.google.gson.JsonObject;
10.999 [ERROR] [system.err]                       ^
11.001 [ERROR] [system.err] src/main/java/io/kamax/mxisd/as/AppSvcManager.java:251: error: cannot find symbol
11.001 [ERROR] [system.err]     private void processTransaction(List<JsonObject> eventsJson) {
11.001 [ERROR] [system.err]                                          ^
11.001 [ERROR] [system.err]   symbol:   class JsonObject
11.001 [ERROR] [system.err]   location: class AppSvcManager
12.033 [LIFECYCLE] [org.gradle.process.internal.health.memory.DefaultMemoryManager]
12.033 [DEBUG] [org.gradle.process.internal.health.memory.DefaultMemoryManager] 402653184 physical memory requested, 35823616 free
12.035 [DEBUG] [org.gradle.workers.internal.WorkerDaemonExpiration] Will attempt to release 384 of memory
12.036 [DEBUG] [org.gradle.process.internal.health.memory.DefaultMemoryManager] 402653184 physical memory requested, 0 released, 35823616 free
10.939 [LIFECYCLE] [class org.gradle.internal.buildevents.TaskExecutionLogger]
10.939 [LIFECYCLE] [class org.gradle.internal.buildevents.TaskExecutionLogger] > Task :compileJava
14.843 [ERROR] [system.err] Note: Some input files use or override a deprecated API.
14.848 [ERROR] [system.err] Note: Recompile with -Xlint:deprecation for details.
14.848 [ERROR] [system.err] Note: Some input files use unchecked or unsafe operations.
14.849 [ERROR] [system.err] Note: Recompile with -Xlint:unchecked for details.
14.861 [ERROR] [system.err] Note: Some messages have been simplified; recompile with -Xdiags:verbose to get full output
14.864 [ERROR] [system.err] 100 errors
14.864 [ERROR] [system.err] only showing the first 100 errors, of 1474 total; use -Xmaxerrs if you would like to see more
15.006 [LIFECYCLE] [org.gradle.internal.operations.DefaultBuildOperationRunner]
15.006 [DEBUG] [org.gradle.internal.operations.DefaultBuildOperationRunner] Completing Build operation 'Compile Java for :compileJava'
15.015 [DEBUG] [org.gradle.internal.operations.DefaultBuildOperationRunner] Completing Build operation 'Execute compile for :compileJava'
15.024 [DEBUG] [org.gradle.internal.operations.DefaultBuildOperationRunner] Completing Build operation 'Executing task ':compileJava''
15.040 [DEBUG] [org.gradle.internal.operations.DefaultBuildOperationRunner] Build operation 'Snapshot outputs after executing task ':compileJava'' started
15.082 [DEBUG] [org.gradle.internal.operations.DefaultBuildOperationRunner] Completing Build operation 'Snapshot outputs after executing task ':compileJava''
14.939 [LIFECYCLE] [class org.gradle.internal.buildevents.TaskExecutionLogger]
14.939 [LIFECYCLE] [class org.gradle.internal.buildevents.TaskExecutionLogger] > Task :compileJava FAILED
15.007 [DEBUG] [org.gradle.internal.operations.DefaultBuildOperationRunner] Build operation 'Compile Java for :compileJava' completed
15.015 [DEBUG] [org.gradle.internal.operations.DefaultBuildOperationRunner] Build operation 'Execute compile for :compileJava' completed
15.024 [DEBUG] [org.gradle.internal.operations.DefaultBuildOperationRunner] Build operation 'Executing task ':compileJava'' completed
15.027 [DEBUG] [org.gradle.internal.vfs.impl.AbstractVirtualFileSystem] Invalidating VFS paths: [build/classes/java/main, build/generated/sources/annotationProcessor/java/main, build/generated/sources/headers/java/main, build/tmp/compileJava/previous-compilation-data.bin]
15.068 [DEBUG] [org.gradle.internal.watch.registry.impl.NonHierarchicalFileWatcherUpdater] Watching 118 directories to track changes
15.072 [DEBUG] [org.gradle.internal.watch.registry.impl.NonHierarchicalFileWatcherUpdater] Watching 119 directories to track changes
15.073 [DEBUG] [org.gradle.internal.watch.registry.impl.NonHierarchicalFileWatcherUpdater] Watching 120 directories to track changes
15.073 [DEBUG] [org.gradle.internal.watch.registry.impl.NonHierarchicalFileWatcherUpdater] Watching 121 directories to track changes
15.082 [DEBUG] [org.gradle.internal.operations.DefaultBuildOperationRunner] Build operation 'Snapshot outputs after executing task ':compileJava'' completed
15.152 [DEBUG] [org.gradle.api.internal.tasks.execution.ResolveTaskExecutionModeExecuter] Removed task artifact state for task ':compileJava' from context.
15.166 [DEBUG] [org.gradle.internal.operations.DefaultBuildOperationRunner] Completing Build operation 'Task :compileJava'
15.166 [DEBUG] [org.gradle.internal.operations.DefaultBuildOperationRunner] Build operation 'Task :compileJava' completed
15.168 [DEBUG] [org.gradle.execution.plan.DefaultFinalizedExecutionPlan] Node :compileJava completed, executed: true
15.170 [DEBUG] [org.gradle.execution.plan.DefaultFinalizedExecutionPlan] Node :compileJava failed
15.175 [DEBUG] [org.gradle.execution.plan.DefaultFinalizedExecutionPlan] Node Resolve mutations for :processResources completed, executed: false
15.175 [DEBUG] [org.gradle.execution.plan.DefaultFinalizedExecutionPlan] Node :processResources completed, executed: false
15.176 [DEBUG] [org.gradle.execution.plan.DefaultFinalizedExecutionPlan] Node :classes completed, executed: false
15.176 [DEBUG] [org.gradle.execution.plan.DefaultFinalizedExecutionPlan] Node :jar completed, executed: false
15.176 [DEBUG] [org.gradle.execution.plan.DefaultFinalizedExecutionPlan] Node Resolve mutations for :jar completed, executed: false
15.176 [DEBUG] [org.gradle.execution.plan.DefaultFinalizedExecutionPlan] Node :startScripts completed, executed: false
15.177 [DEBUG] [org.gradle.execution.plan.DefaultFinalizedExecutionPlan] Node Resolve mutations for :startScripts completed, executed: false
15.177 [DEBUG] [org.gradle.execution.plan.DefaultFinalizedExecutionPlan] Node :distTar completed, executed: false
15.177 [DEBUG] [org.gradle.execution.plan.DefaultFinalizedExecutionPlan] Node Resolve mutations for :distTar completed, executed: false
15.177 [DEBUG] [org.gradle.execution.plan.DefaultFinalizedExecutionPlan] Node :distZip completed, executed: false
15.177 [DEBUG] [org.gradle.execution.plan.DefaultFinalizedExecutionPlan] Node Resolve mutations for :distZip completed, executed: false
15.177 [DEBUG] [org.gradle.execution.plan.DefaultFinalizedExecutionPlan] Node :shadowJar completed, executed: false
15.177 [DEBUG] [org.gradle.execution.plan.DefaultFinalizedExecutionPlan] Node Resolve mutations for :shadowJar completed, executed: false
15.177 [DEBUG] [org.gradle.execution.plan.DefaultFinalizedExecutionPlan] Node :startShadowScripts completed, executed: false
15.177 [DEBUG] [org.gradle.execution.plan.DefaultFinalizedExecutionPlan] Node Resolve mutations for :startShadowScripts completed, executed: false
15.177 [DEBUG] [org.gradle.execution.plan.DefaultFinalizedExecutionPlan] Node :shadowDistTar completed, executed: false
15.177 [DEBUG] [org.gradle.execution.plan.DefaultFinalizedExecutionPlan] Node Resolve mutations for :shadowDistTar completed, executed: false
15.177 [DEBUG] [org.gradle.execution.plan.DefaultFinalizedExecutionPlan] Node :shadowDistZip completed, executed: false
15.177 [DEBUG] [org.gradle.execution.plan.DefaultFinalizedExecutionPlan] Node Resolve mutations for :shadowDistZip completed, executed: false
15.177 [DEBUG] [org.gradle.execution.plan.DefaultFinalizedExecutionPlan] Node :assemble completed, executed: false
15.177 [DEBUG] [org.gradle.execution.plan.DefaultFinalizedExecutionPlan] Node :compileTestJava completed, executed: false
15.177 [DEBUG] [org.gradle.execution.plan.DefaultFinalizedExecutionPlan] Node Resolve mutations for :compileTestJava completed, executed: false
15.178 [DEBUG] [org.gradle.execution.plan.DefaultFinalizedExecutionPlan] Node Resolve mutations for :processTestResources completed, executed: false
15.178 [DEBUG] [org.gradle.execution.plan.DefaultFinalizedExecutionPlan] Node :processTestResources completed, executed: false
15.178 [DEBUG] [org.gradle.execution.plan.DefaultFinalizedExecutionPlan] Node :testClasses completed, executed: false
15.178 [DEBUG] [org.gradle.execution.plan.DefaultFinalizedExecutionPlan] Node :test completed, executed: false
15.178 [DEBUG] [org.gradle.execution.plan.DefaultFinalizedExecutionPlan] Node Resolve mutations for :test completed, executed: false
15.178 [DEBUG] [org.gradle.execution.plan.DefaultFinalizedExecutionPlan] Node :check completed, executed: false
15.178 [DEBUG] [org.gradle.execution.plan.DefaultFinalizedExecutionPlan] Node :build completed, executed: false
15.179 [DEBUG] [org.gradle.internal.resources.AbstractTrackedResourceLock] Execution worker: released lock on state of build :
15.179 [DEBUG] [org.gradle.internal.resources.AbstractTrackedResourceLock] Execution worker: released lock on task execution for build :
15.180 [DEBUG] [org.gradle.internal.resources.AbstractTrackedResourceLock] Execution worker: released lock on worker lease
15.182 [DEBUG] [org.gradle.internal.resources.AbstractTrackedResourceLock] included builds: acquired lock on worker lease
15.184 [DEBUG] [org.gradle.internal.operations.DefaultBuildOperationRunner] Completing Build operation 'Run tasks'
15.184 [DEBUG] [org.gradle.internal.operations.DefaultBuildOperationRunner] Build operation 'Run tasks' completed
15.185 [DEBUG] [org.gradle.internal.resources.AbstractTrackedResourceLock] included builds: released lock on worker lease
15.185 [DEBUG] [org.gradle.internal.resources.AbstractTrackedResourceLock] Execution worker: acquired lock on worker lease
15.185 [DEBUG] [org.gradle.internal.resources.AbstractTrackedResourceLock] Execution worker: released lock on worker lease
15.186 [DEBUG] [org.gradle.internal.resources.AbstractTrackedResourceLock] Daemon worker Thread 3: acquired lock on worker lease
15.186 [DEBUG] [org.gradle.internal.operations.DefaultBuildOperationRunner] Completing Build operation 'Run main tasks'
15.187 [DEBUG] [org.gradle.internal.operations.DefaultBuildOperationRunner] Build operation 'Run main tasks' completed
15.188 [DEBUG] [org.gradle.internal.operations.DefaultBuildOperationRunner] Build operation 'Finish root build tree' started
15.217 [DEBUG] [org.gradle.internal.operations.DefaultBuildOperationRunner] Completing Build operation 'Finish root build tree'
15.217 [DEBUG] [org.gradle.internal.operations.DefaultBuildOperationRunner] Build operation 'Finish root build tree' completed
15.221 [ERROR] [org.gradle.internal.buildevents.BuildExceptionReporter]
15.221 [ERROR] [org.gradle.internal.buildevents.BuildExceptionReporter] FAILURE: Build failed with an exception.
15.221 [ERROR] [org.gradle.internal.buildevents.BuildExceptionReporter]
15.221 [ERROR] [org.gradle.internal.buildevents.BuildExceptionReporter] * What went wrong:
15.221 [ERROR] [org.gradle.internal.buildevents.BuildExceptionReporter] Execution failed for task ':compileJava'.
15.221 [ERROR] [org.gradle.internal.buildevents.BuildExceptionReporter] > Compilation failed; see the compiler error output for details.
15.221 [ERROR] [org.gradle.internal.buildevents.BuildExceptionReporter]
15.221 [ERROR] [org.gradle.internal.buildevents.BuildExceptionReporter] * Try:
15.221 [ERROR] [org.gradle.internal.buildevents.BuildExceptionReporter] > Run with --scan to get full insights.
15.221 [ERROR] [org.gradle.internal.buildevents.BuildExceptionReporter]
15.221 [ERROR] [org.gradle.internal.buildevents.BuildExceptionReporter] * Exception is:
15.221 [ERROR] [org.gradle.internal.buildevents.BuildExceptionReporter] org.gradle.api.tasks.TaskExecutionException: Execution failed for task ':compileJava'.
15.221 [ERROR] [org.gradle.internal.buildevents.BuildExceptionReporter]   at org.gradle.api.internal.tasks.execution.ExecuteActionsTaskExecuter.lambda$executeIfValid$1(ExecuteActionsTaskExecuter.java:148)
15.221 [ERROR] [org.gradle.internal.buildevents.BuildExceptionReporter]   at org.gradle.internal.Try$Failure.ifSuccessfulOrElse(Try.java:282)
15.221 [ERROR] [org.gradle.internal.buildevents.BuildExceptionReporter]   at org.gradle.api.internal.tasks.execution.ExecuteActionsTaskExecuter.executeIfValid(ExecuteActionsTaskExecuter.java:146)
15.221 [ERROR] [org.gradle.internal.buildevents.BuildExceptionReporter]   at org.gradle.api.internal.tasks.execution.ExecuteActionsTaskExecuter.execute(ExecuteActionsTaskExecuter.java:134)
15.221 [ERROR] [org.gradle.internal.buildevents.BuildExceptionReporter]   at org.gradle.api.internal.tasks.execution.FinalizePropertiesTaskExecuter.execute(FinalizePropertiesTaskExecuter.java:46)
15.221 [ERROR] [org.gradle.internal.buildevents.BuildExceptionReporter]   at org.gradle.api.internal.tasks.execution.ResolveTaskExecutionModeExecuter.execute(ResolveTaskExecutionModeExecuter.java:51)
15.221 [ERROR] [org.gradle.internal.buildevents.BuildExceptionReporter]   at org.gradle.api.internal.tasks.execution.SkipTaskWithNoActionsExecuter.execute(SkipTaskWithNoActionsExecuter.java:57)
15.221 [ERROR] [org.gradle.internal.buildevents.BuildExceptionReporter]   at org.gradle.api.internal.tasks.execution.SkipOnlyIfTaskExecuter.execute(SkipOnlyIfTaskExecuter.java:74)
15.221 [ERROR] [org.gradle.internal.buildevents.BuildExceptionReporter]   at org.gradle.api.internal.tasks.execution.CatchExceptionTaskExecuter.execute(CatchExceptionTaskExecuter.java:36)
15.221 [ERROR] [org.gradle.internal.buildevents.BuildExceptionReporter]   at org.gradle.api.internal.tasks.execution.EventFiringTaskExecuter$1.executeTask(EventFiringTaskExecuter.java:77)
15.221 [ERROR] [org.gradle.internal.buildevents.BuildExceptionReporter]   at org.gradle.api.internal.tasks.execution.EventFiringTaskExecuter$1.call(EventFiringTaskExecuter.java:55)
15.221 [ERROR] [org.gradle.internal.buildevents.BuildExceptionReporter]   at org.gradle.api.internal.tasks.execution.EventFiringTaskExecuter$1.call(EventFiringTaskExecuter.java:52)
15.221 [ERROR] [org.gradle.internal.buildevents.BuildExceptionReporter]   at org.gradle.internal.operations.DefaultBuildOperationRunner$CallableBuildOperationWorker.execute(DefaultBuildOperationRunner.java:204)
15.221 [ERROR] [org.gradle.internal.buildevents.BuildExceptionReporter]   at org.gradle.internal.operations.DefaultBuildOperationRunner$CallableBuildOperationWorker.execute(DefaultBuildOperationRunner.java:199)
15.221 [ERROR] [org.gradle.internal.buildevents.BuildExceptionReporter]   at org.gradle.internal.operations.DefaultBuildOperationRunner$2.execute(DefaultBuildOperationRunner.java:66)
15.221 [ERROR] [org.gradle.internal.buildevents.BuildExceptionReporter]   at org.gradle.internal.operations.DefaultBuildOperationRunner$2.execute(DefaultBuildOperationRunner.java:59)
15.221 [ERROR] [org.gradle.internal.buildevents.BuildExceptionReporter]   at org.gradle.internal.operations.DefaultBuildOperationRunner.execute(DefaultBuildOperationRunner.java:157)
15.221 [ERROR] [org.gradle.internal.buildevents.BuildExceptionReporter]   at org.gradle.internal.operations.DefaultBuildOperationRunner.execute(DefaultBuildOperationRunner.java:59)
15.221 [ERROR] [org.gradle.internal.buildevents.BuildExceptionReporter]   at org.gradle.internal.operations.DefaultBuildOperationRunner.call(DefaultBuildOperationRunner.java:53)
15.222 [ERROR] [org.gradle.internal.buildevents.BuildExceptionReporter]   at org.gradle.internal.operations.DefaultBuildOperationExecutor.call(DefaultBuildOperationExecutor.java:73)
15.222 [ERROR] [org.gradle.internal.buildevents.BuildExceptionReporter]   at org.gradle.api.internal.tasks.execution.EventFiringTaskExecuter.execute(EventFiringTaskExecuter.java:52)
15.222 [ERROR] [org.gradle.internal.buildevents.BuildExceptionReporter]   at org.gradle.execution.plan.LocalTaskNodeExecutor.execute(LocalTaskNodeExecutor.java:42)
15.222 [ERROR] [org.gradle.internal.buildevents.BuildExceptionReporter]   at org.gradle.execution.taskgraph.DefaultTaskExecutionGraph$InvokeNodeExecutorsAction.execute(DefaultTaskExecutionGraph.java:331)
15.222 [ERROR] [org.gradle.internal.buildevents.BuildExceptionReporter]   at org.gradle.execution.taskgraph.DefaultTaskExecutionGraph$InvokeNodeExecutorsAction.execute(DefaultTaskExecutionGraph.java:318)
15.222 [ERROR] [org.gradle.internal.buildevents.BuildExceptionReporter]   at org.gradle.execution.taskgraph.DefaultTaskExecutionGraph$BuildOperationAwareExecutionAction.lambda$execute$0(DefaultTaskExecutionGraph.java:314)
15.222 [ERROR] [org.gradle.internal.buildevents.BuildExceptionReporter]   at org.gradle.internal.operations.CurrentBuildOperationRef.with(CurrentBuildOperationRef.java:80)
15.222 [ERROR] [org.gradle.internal.buildevents.BuildExceptionReporter]   at org.gradle.execution.taskgraph.DefaultTaskExecutionGraph$BuildOperationAwareExecutionAction.execute(DefaultTaskExecutionGraph.java:314)
15.222 [ERROR] [org.gradle.internal.buildevents.BuildExceptionReporter]   at org.gradle.execution.taskgraph.DefaultTaskExecutionGraph$BuildOperationAwareExecutionAction.execute(DefaultTaskExecutionGraph.java:303)
15.222 [ERROR] [org.gradle.internal.buildevents.BuildExceptionReporter]   at org.gradle.execution.plan.DefaultPlanExecutor$ExecutorWorker.execute(DefaultPlanExecutor.java:463)
15.222 [ERROR] [org.gradle.internal.buildevents.BuildExceptionReporter]   at org.gradle.execution.plan.DefaultPlanExecutor$ExecutorWorker.run(DefaultPlanExecutor.java:380)
15.222 [ERROR] [org.gradle.internal.buildevents.BuildExceptionReporter]   at org.gradle.internal.concurrent.ExecutorPolicy$CatchAndRecordFailures.onExecute(ExecutorPolicy.java:64)
15.222 [ERROR] [org.gradle.internal.buildevents.BuildExceptionReporter]   at org.gradle.internal.concurrent.AbstractManagedExecutor$1.run(AbstractManagedExecutor.java:47)
15.222 [ERROR] [org.gradle.internal.buildevents.BuildExceptionReporter] Caused by: org.gradle.api.internal.tasks.compile.CompilationFailedException: Compilation failed; see the compiler error output for details.
15.222 [ERROR] [org.gradle.internal.buildevents.BuildExceptionReporter]   at org.gradle.api.internal.tasks.compile.JdkJavaCompiler.execute(JdkJavaCompiler.java:57)
15.222 [ERROR] [org.gradle.internal.buildevents.BuildExceptionReporter]   at org.gradle.api.internal.tasks.compile.JdkJavaCompiler.execute(JdkJavaCompiler.java:39)
15.222 [ERROR] [org.gradle.internal.buildevents.BuildExceptionReporter]   at org.gradle.api.internal.tasks.compile.NormalizingJavaCompiler.delegateAndHandleErrors(NormalizingJavaCompiler.java:98)
15.222 [ERROR] [org.gradle.internal.buildevents.BuildExceptionReporter]   at org.gradle.api.internal.tasks.compile.NormalizingJavaCompiler.execute(NormalizingJavaCompiler.java:52)
15.223 [ERROR] [org.gradle.internal.buildevents.BuildExceptionReporter]   at org.gradle.api.internal.tasks.compile.NormalizingJavaCompiler.execute(NormalizingJavaCompiler.java:38)
15.223 [ERROR] [org.gradle.internal.buildevents.BuildExceptionReporter]   at org.gradle.api.internal.tasks.compile.AnnotationProcessorDiscoveringCompiler.execute(AnnotationProcessorDiscoveringCompiler.java:51)
15.223 [ERROR] [org.gradle.internal.buildevents.BuildExceptionReporter]   at org.gradle.api.internal.tasks.compile.AnnotationProcessorDiscoveringCompiler.execute(AnnotationProcessorDiscoveringCompiler.java:37)
15.223 [ERROR] [org.gradle.internal.buildevents.BuildExceptionReporter]   at org.gradle.api.internal.tasks.compile.ModuleApplicationNameWritingCompiler.execute(ModuleApplicationNameWritingCompiler.java:46)
15.223 [ERROR] [org.gradle.internal.buildevents.BuildExceptionReporter]   at org.gradle.api.internal.tasks.compile.ModuleApplicationNameWritingCompiler.execute(ModuleApplicationNameWritingCompiler.java:36)
15.223 [ERROR] [org.gradle.internal.buildevents.BuildExceptionReporter]   at org.gradle.jvm.toolchain.internal.DefaultToolchainJavaCompiler.execute(DefaultToolchainJavaCompiler.java:57)
15.223 [ERROR] [org.gradle.internal.buildevents.BuildExceptionReporter]   at org.gradle.api.tasks.compile.JavaCompile.lambda$createToolchainCompiler$3(JavaCompile.java:202)
15.223 [ERROR] [org.gradle.internal.buildevents.BuildExceptionReporter]   at org.gradle.api.internal.tasks.compile.CleaningJavaCompiler.execute(CleaningJavaCompiler.java:53)
15.223 [ERROR] [org.gradle.internal.buildevents.BuildExceptionReporter]   at org.gradle.api.internal.tasks.compile.incremental.IncrementalCompilerFactory.lambda$createRebuildAllCompiler$0(IncrementalCompilerFactory.java:52)
15.223 [ERROR] [org.gradle.internal.buildevents.BuildExceptionReporter]   at org.gradle.api.internal.tasks.compile.incremental.SelectiveCompiler.execute(SelectiveCompiler.java:70)
15.223 [ERROR] [org.gradle.internal.buildevents.BuildExceptionReporter]   at org.gradle.api.internal.tasks.compile.incremental.SelectiveCompiler.execute(SelectiveCompiler.java:44)
15.223 [ERROR] [org.gradle.internal.buildevents.BuildExceptionReporter]   at org.gradle.api.internal.tasks.compile.incremental.IncrementalResultStoringCompiler.execute(IncrementalResultStoringCompiler.java:66)
15.223 [ERROR] [org.gradle.internal.buildevents.BuildExceptionReporter]   at org.gradle.api.internal.tasks.compile.incremental.IncrementalResultStoringCompiler.execute(IncrementalResultStoringCompiler.java:52)
15.223 [ERROR] [org.gradle.internal.buildevents.BuildExceptionReporter]   at org.gradle.api.internal.tasks.compile.CompileJavaBuildOperationReportingCompiler$1.call(CompileJavaBuildOperationReportingCompiler.java:64)
15.223 [ERROR] [org.gradle.internal.buildevents.BuildExceptionReporter]   at org.gradle.api.internal.tasks.compile.CompileJavaBuildOperationReportingCompiler$1.call(CompileJavaBuildOperationReportingCompiler.java:48)
15.223 [ERROR] [org.gradle.internal.buildevents.BuildExceptionReporter]   at org.gradle.internal.operations.DefaultBuildOperationRunner$CallableBuildOperationWorker.execute(DefaultBuildOperationRunner.java:204)
15.223 [ERROR] [org.gradle.internal.buildevents.BuildExceptionReporter]   at org.gradle.internal.operations.DefaultBuildOperationRunner$CallableBuildOperationWorker.execute(DefaultBuildOperationRunner.java:199)
15.223 [ERROR] [org.gradle.internal.buildevents.BuildExceptionReporter]   at org.gradle.internal.operations.DefaultBuildOperationRunner$2.execute(DefaultBuildOperationRunner.java:66)
15.223 [ERROR] [org.gradle.internal.buildevents.BuildExceptionReporter]   at org.gradle.internal.operations.DefaultBuildOperationRunner$2.execute(DefaultBuildOperationRunner.java:59)
15.223 [ERROR] [org.gradle.internal.buildevents.BuildExceptionReporter]   at org.gradle.internal.operations.DefaultBuildOperationRunner.execute(DefaultBuildOperationRunner.java:157)
15.223 [ERROR] [org.gradle.internal.buildevents.BuildExceptionReporter]   at org.gradle.internal.operations.DefaultBuildOperationRunner.execute(DefaultBuildOperationRunner.java:59)
15.223 [ERROR] [org.gradle.internal.buildevents.BuildExceptionReporter]   at org.gradle.internal.operations.DefaultBuildOperationRunner.call(DefaultBuildOperationRunner.java:53)
15.223 [ERROR] [org.gradle.internal.buildevents.BuildExceptionReporter]   at org.gradle.internal.operations.DefaultBuildOperationExecutor.call(DefaultBuildOperationExecutor.java:73)
15.223 [ERROR] [org.gradle.internal.buildevents.BuildExceptionReporter]   at org.gradle.api.internal.tasks.compile.CompileJavaBuildOperationReportingCompiler.execute(CompileJavaBuildOperationReportingCompiler.java:48)
15.223 [ERROR] [org.gradle.internal.buildevents.BuildExceptionReporter]   at org.gradle.api.tasks.compile.JavaCompile.performCompilation(JavaCompile.java:220)
15.223 [ERROR] [org.gradle.internal.buildevents.BuildExceptionReporter]   at org.gradle.api.tasks.compile.JavaCompile.performIncrementalCompilation(JavaCompile.java:161)
15.223 [ERROR] [org.gradle.internal.buildevents.BuildExceptionReporter]   at org.gradle.api.tasks.compile.JavaCompile.compile(JavaCompile.java:146)
15.224 [ERROR] [org.gradle.internal.buildevents.BuildExceptionReporter]   at java.base/jdk.internal.reflect.DirectMethodHandleAccessor.invoke(DirectMethodHandleAccessor.java:103)
15.224 [ERROR] [org.gradle.internal.buildevents.BuildExceptionReporter]   at org.gradle.internal.reflect.JavaMethod.invoke(JavaMethod.java:125)
15.224 [ERROR] [org.gradle.internal.buildevents.BuildExceptionReporter]   at org.gradle.api.internal.project.taskfactory.IncrementalTaskAction.doExecute(IncrementalTaskAction.java:45)
15.224 [ERROR] [org.gradle.internal.buildevents.BuildExceptionReporter]   at org.gradle.api.internal.project.taskfactory.StandardTaskAction.execute(StandardTaskAction.java:51)
15.224 [ERROR] [org.gradle.internal.buildevents.BuildExceptionReporter]   at org.gradle.api.internal.project.taskfactory.IncrementalTaskAction.execute(IncrementalTaskAction.java:26)
15.224 [ERROR] [org.gradle.internal.buildevents.BuildExceptionReporter]   at org.gradle.api.internal.project.taskfactory.StandardTaskAction.execute(StandardTaskAction.java:29)
15.224 [ERROR] [org.gradle.internal.buildevents.BuildExceptionReporter]   at org.gradle.api.internal.tasks.execution.TaskExecution$3.run(TaskExecution.java:248)
15.224 [ERROR] [org.gradle.internal.buildevents.BuildExceptionReporter]   at org.gradle.internal.operations.DefaultBuildOperationRunner$1.execute(DefaultBuildOperationRunner.java:29)
15.224 [ERROR] [org.gradle.internal.buildevents.BuildExceptionReporter]   at org.gradle.internal.operations.DefaultBuildOperationRunner$1.execute(DefaultBuildOperationRunner.java:26)
15.224 [ERROR] [org.gradle.internal.buildevents.BuildExceptionReporter]   at org.gradle.internal.operations.DefaultBuildOperationRunner$2.execute(DefaultBuildOperationRunner.java:66)
15.224 [ERROR] [org.gradle.internal.buildevents.BuildExceptionReporter]   at org.gradle.internal.operations.DefaultBuildOperationRunner$2.execute(DefaultBuildOperationRunner.java:59)
15.224 [ERROR] [org.gradle.internal.buildevents.BuildExceptionReporter]   at org.gradle.internal.operations.DefaultBuildOperationRunner.execute(DefaultBuildOperationRunner.java:157)
15.224 [ERROR] [org.gradle.internal.buildevents.BuildExceptionReporter]   at org.gradle.internal.operations.DefaultBuildOperationRunner.execute(DefaultBuildOperationRunner.java:59)
15.224 [ERROR] [org.gradle.internal.buildevents.BuildExceptionReporter]   at org.gradle.internal.operations.DefaultBuildOperationRunner.run(DefaultBuildOperationRunner.java:47)
15.224 [ERROR] [org.gradle.internal.buildevents.BuildExceptionReporter]   at org.gradle.internal.operations.DefaultBuildOperationExecutor.run(DefaultBuildOperationExecutor.java:68)
15.224 [ERROR] [org.gradle.internal.buildevents.BuildExceptionReporter]   at org.gradle.api.internal.tasks.execution.TaskExecution.executeAction(TaskExecution.java:233)
15.224 [ERROR] [org.gradle.internal.buildevents.BuildExceptionReporter]   at org.gradle.api.internal.tasks.execution.TaskExecution.executeActions(TaskExecution.java:216)
15.224 [ERROR] [org.gradle.internal.buildevents.BuildExceptionReporter]   at org.gradle.api.internal.tasks.execution.TaskExecution.executeWithPreviousOutputFiles(TaskExecution.java:199)
15.224 [ERROR] [org.gradle.internal.buildevents.BuildExceptionReporter]   at org.gradle.api.internal.tasks.execution.TaskExecution.execute(TaskExecution.java:166)
15.224 [ERROR] [org.gradle.internal.buildevents.BuildExceptionReporter]   at org.gradle.internal.execution.steps.ExecuteStep.executeInternal(ExecuteStep.java:105)
15.224 [ERROR] [org.gradle.internal.buildevents.BuildExceptionReporter]   at org.gradle.internal.execution.steps.ExecuteStep.access$000(ExecuteStep.java:44)
15.224 [ERROR] [org.gradle.internal.buildevents.BuildExceptionReporter]   at org.gradle.internal.execution.steps.ExecuteStep$1.call(ExecuteStep.java:59)
15.224 [ERROR] [org.gradle.internal.buildevents.BuildExceptionReporter]   at org.gradle.internal.execution.steps.ExecuteStep$1.call(ExecuteStep.java:56)
15.224 [ERROR] [org.gradle.internal.buildevents.BuildExceptionReporter]   at org.gradle.internal.operations.DefaultBuildOperationRunner$CallableBuildOperationWorker.execute(DefaultBuildOperationRunner.java:204)
15.224 [ERROR] [org.gradle.internal.buildevents.BuildExceptionReporter]   at org.gradle.internal.operations.DefaultBuildOperationRunner$CallableBuildOperationWorker.execute(DefaultBuildOperationRunner.java:199)
15.224 [ERROR] [org.gradle.internal.buildevents.BuildExceptionReporter]   at org.gradle.internal.operations.DefaultBuildOperationRunner$2.execute(DefaultBuildOperationRunner.java:66)
15.224 [ERROR] [org.gradle.internal.buildevents.BuildExceptionReporter]   at org.gradle.internal.operations.DefaultBuildOperationRunner$2.execute(DefaultBuildOperationRunner.java:59)
15.224 [ERROR] [org.gradle.internal.buildevents.BuildExceptionReporter]   at org.gradle.internal.operations.DefaultBuildOperationRunner.execute(DefaultBuildOperationRunner.java:157)
15.224 [ERROR] [org.gradle.internal.buildevents.BuildExceptionReporter]   at org.gradle.internal.operations.DefaultBuildOperationRunner.execute(DefaultBuildOperationRunner.java:59)
15.224 [ERROR] [org.gradle.internal.buildevents.BuildExceptionReporter]   at org.gradle.internal.operations.DefaultBuildOperationRunner.call(DefaultBuildOperationRunner.java:53)
15.224 [ERROR] [org.gradle.internal.buildevents.BuildExceptionReporter]   at org.gradle.internal.operations.DefaultBuildOperationExecutor.call(DefaultBuildOperationExecutor.java:73)
15.224 [ERROR] [org.gradle.internal.buildevents.BuildExceptionReporter]   at org.gradle.internal.execution.steps.ExecuteStep.execute(ExecuteStep.java:56)
15.224 [ERROR] [org.gradle.internal.buildevents.BuildExceptionReporter]   at org.gradle.internal.execution.steps.ExecuteStep.execute(ExecuteStep.java:44)
15.224 [ERROR] [org.gradle.internal.buildevents.BuildExceptionReporter]   at org.gradle.internal.execution.steps.RemovePreviousOutputsStep.execute(RemovePreviousOutputsStep.java:67)
15.224 [ERROR] [org.gradle.internal.buildevents.BuildExceptionReporter]   at org.gradle.internal.execution.steps.RemovePreviousOutputsStep.execute(RemovePreviousOutputsStep.java:37)
15.224 [ERROR] [org.gradle.internal.buildevents.BuildExceptionReporter]   at org.gradle.internal.execution.steps.CancelExecutionStep.execute(CancelExecutionStep.java:41)
15.224 [ERROR] [org.gradle.internal.buildevents.BuildExceptionReporter]   at org.gradle.internal.execution.steps.TimeoutStep.executeWithoutTimeout(TimeoutStep.java:74)
15.224 [ERROR] [org.gradle.internal.buildevents.BuildExceptionReporter]   at org.gradle.internal.execution.steps.TimeoutStep.execute(TimeoutStep.java:55)
15.224 [ERROR] [org.gradle.internal.buildevents.BuildExceptionReporter]   at org.gradle.internal.execution.steps.CreateOutputsStep.execute(CreateOutputsStep.java:50)
15.224 [ERROR] [org.gradle.internal.buildevents.BuildExceptionReporter]   at org.gradle.internal.execution.steps.CreateOutputsStep.execute(CreateOutputsStep.java:28)
15.225 [ERROR] [org.gradle.internal.buildevents.BuildExceptionReporter]   at org.gradle.internal.execution.steps.CaptureStateAfterExecutionStep.executeDelegateBroadcastingChanges(CaptureStateAfterExecutionStep.java:100)
15.225 [ERROR] [org.gradle.internal.buildevents.BuildExceptionReporter]   at org.gradle.internal.execution.steps.CaptureStateAfterExecutionStep.execute(CaptureStateAfterExecutionStep.java:72)
15.225 [ERROR] [org.gradle.internal.buildevents.BuildExceptionReporter]   at org.gradle.internal.execution.steps.CaptureStateAfterExecutionStep.execute(CaptureStateAfterExecutionStep.java:50)
15.225 [ERROR] [org.gradle.internal.buildevents.BuildExceptionReporter]   at org.gradle.internal.execution.steps.ResolveInputChangesStep.execute(ResolveInputChangesStep.java:40)
15.225 [ERROR] [org.gradle.internal.buildevents.BuildExceptionReporter]   at org.gradle.internal.execution.steps.ResolveInputChangesStep.execute(ResolveInputChangesStep.java:29)
15.225 [ERROR] [org.gradle.internal.buildevents.BuildExceptionReporter]   at org.gradle.internal.execution.steps.BuildCacheStep.executeWithoutCache(BuildCacheStep.java:179)
15.225 [ERROR] [org.gradle.internal.buildevents.BuildExceptionReporter]   at org.gradle.internal.execution.steps.BuildCacheStep.lambda$execute$1(BuildCacheStep.java:70)
15.225 [ERROR] [org.gradle.internal.buildevents.BuildExceptionReporter]   at org.gradle.internal.Either$Right.fold(Either.java:175)
15.225 [ERROR] [org.gradle.internal.buildevents.BuildExceptionReporter]   at org.gradle.internal.execution.caching.CachingState.fold(CachingState.java:59)
15.225 [ERROR] [org.gradle.internal.buildevents.BuildExceptionReporter]   at org.gradle.internal.execution.steps.BuildCacheStep.execute(BuildCacheStep.java:68)
15.225 [ERROR] [org.gradle.internal.buildevents.BuildExceptionReporter]   at org.gradle.internal.execution.steps.BuildCacheStep.execute(BuildCacheStep.java:46)
15.225 [ERROR] [org.gradle.internal.buildevents.BuildExceptionReporter]   at org.gradle.internal.execution.steps.StoreExecutionStateStep.execute(StoreExecutionStateStep.java:36)
15.225 [ERROR] [org.gradle.internal.buildevents.BuildExceptionReporter]   at org.gradle.internal.execution.steps.StoreExecutionStateStep.execute(StoreExecutionStateStep.java:25)
15.225 [ERROR] [org.gradle.internal.buildevents.BuildExceptionReporter]   at org.gradle.internal.execution.steps.RecordOutputsStep.execute(RecordOutputsStep.java:36)
15.225 [ERROR] [org.gradle.internal.buildevents.BuildExceptionReporter]   at org.gradle.internal.execution.steps.RecordOutputsStep.execute(RecordOutputsStep.java:22)
15.225 [ERROR] [org.gradle.internal.buildevents.BuildExceptionReporter]   at org.gradle.internal.execution.steps.SkipUpToDateStep.executeBecause(SkipUpToDateStep.java:91)
15.225 [ERROR] [org.gradle.internal.buildevents.BuildExceptionReporter]   at org.gradle.internal.execution.steps.SkipUpToDateStep.lambda$execute$2(SkipUpToDateStep.java:55)
15.225 [ERROR] [org.gradle.internal.buildevents.BuildExceptionReporter]   at org.gradle.internal.execution.steps.SkipUpToDateStep.execute(SkipUpToDateStep.java:55)
15.225 [ERROR] [org.gradle.internal.buildevents.BuildExceptionReporter]   at org.gradle.internal.execution.steps.SkipUpToDateStep.execute(SkipUpToDateStep.java:37)
15.225 [ERROR] [org.gradle.internal.buildevents.BuildExceptionReporter]   at org.gradle.internal.execution.steps.ResolveChangesStep.execute(ResolveChangesStep.java:65)
15.225 [ERROR] [org.gradle.internal.buildevents.BuildExceptionReporter]   at org.gradle.internal.execution.steps.ResolveChangesStep.execute(ResolveChangesStep.java:36)
15.225 [ERROR] [org.gradle.internal.buildevents.BuildExceptionReporter]   at org.gradle.internal.execution.steps.legacy.MarkSnapshottingInputsFinishedStep.execute(MarkSnapshottingInputsFinishedStep.java:37)
15.225 [ERROR] [org.gradle.internal.buildevents.BuildExceptionReporter]   at org.gradle.internal.execution.steps.legacy.MarkSnapshottingInputsFinishedStep.execute(MarkSnapshottingInputsFinishedStep.java:27)
15.225 [ERROR] [org.gradle.internal.buildevents.BuildExceptionReporter]   at org.gradle.internal.execution.steps.ResolveCachingStateStep.execute(ResolveCachingStateStep.java:76)
15.225 [ERROR] [org.gradle.internal.buildevents.BuildExceptionReporter]   at org.gradle.internal.execution.steps.ResolveCachingStateStep.execute(ResolveCachingStateStep.java:37)
15.225 [ERROR] [org.gradle.internal.buildevents.BuildExceptionReporter]   at org.gradle.internal.execution.steps.ValidateStep.execute(ValidateStep.java:108)
15.225 [ERROR] [org.gradle.internal.buildevents.BuildExceptionReporter]   at org.gradle.internal.execution.steps.ValidateStep.execute(ValidateStep.java:55)
15.225 [ERROR] [org.gradle.internal.buildevents.BuildExceptionReporter]   at org.gradle.internal.execution.steps.CaptureStateBeforeExecutionStep.execute(CaptureStateBeforeExecutionStep.java:71)
15.225 [ERROR] [org.gradle.internal.buildevents.BuildExceptionReporter]   at org.gradle.internal.execution.steps.CaptureStateBeforeExecutionStep.execute(CaptureStateBeforeExecutionStep.java:45)
15.225 [ERROR] [org.gradle.internal.buildevents.BuildExceptionReporter]   at org.gradle.internal.execution.steps.SkipEmptyWorkStep.executeWithNonEmptySources(SkipEmptyWorkStep.java:177)
15.225 [ERROR] [org.gradle.internal.buildevents.BuildExceptionReporter]   at org.gradle.internal.execution.steps.SkipEmptyWorkStep.execute(SkipEmptyWorkStep.java:86)
15.225 [ERROR] [org.gradle.internal.buildevents.BuildExceptionReporter]   at org.gradle.internal.execution.steps.SkipEmptyWorkStep.execute(SkipEmptyWorkStep.java:53)
15.225 [ERROR] [org.gradle.internal.buildevents.BuildExceptionReporter]   at org.gradle.internal.execution.steps.RemoveUntrackedExecutionStateStep.execute(RemoveUntrackedExecutionStateStep.java:32)
15.226 [ERROR] [org.gradle.internal.buildevents.BuildExceptionReporter]   at org.gradle.internal.execution.steps.RemoveUntrackedExecutionStateStep.execute(RemoveUntrackedExecutionStateStep.java:21)
15.226 [ERROR] [org.gradle.internal.buildevents.BuildExceptionReporter]   at org.gradle.internal.execution.steps.legacy.MarkSnapshottingInputsStartedStep.execute(MarkSnapshottingInputsStartedStep.java:38)
15.226 [ERROR] [org.gradle.internal.buildevents.BuildExceptionReporter]   at org.gradle.internal.execution.steps.LoadPreviousExecutionStateStep.execute(LoadPreviousExecutionStateStep.java:36)
15.226 [ERROR] [org.gradle.internal.buildevents.BuildExceptionReporter]   at org.gradle.internal.execution.steps.LoadPreviousExecutionStateStep.execute(LoadPreviousExecutionStateStep.java:23)
15.226 [ERROR] [org.gradle.internal.buildevents.BuildExceptionReporter]   at org.gradle.internal.execution.steps.CleanupStaleOutputsStep.execute(CleanupStaleOutputsStep.java:75)
15.226 [ERROR] [org.gradle.internal.buildevents.BuildExceptionReporter]   at org.gradle.internal.execution.steps.CleanupStaleOutputsStep.execute(CleanupStaleOutputsStep.java:41)
15.226 [ERROR] [org.gradle.internal.buildevents.BuildExceptionReporter]   at org.gradle.internal.execution.steps.ExecuteWorkBuildOperationFiringStep.lambda$execute$2(ExecuteWorkBuildOperationFiringStep.java:66)
15.226 [ERROR] [org.gradle.internal.buildevents.BuildExceptionReporter]   at org.gradle.internal.execution.steps.ExecuteWorkBuildOperationFiringStep.execute(ExecuteWorkBuildOperationFiringStep.java:66)
15.226 [ERROR] [org.gradle.internal.buildevents.BuildExceptionReporter]   at org.gradle.internal.execution.steps.ExecuteWorkBuildOperationFiringStep.execute(ExecuteWorkBuildOperationFiringStep.java:38)
15.226 [ERROR] [org.gradle.internal.buildevents.BuildExceptionReporter]   at org.gradle.internal.execution.steps.AssignWorkspaceStep.lambda$execute$0(AssignWorkspaceStep.java:32)
15.226 [ERROR] [org.gradle.internal.buildevents.BuildExceptionReporter]   at org.gradle.api.internal.tasks.execution.TaskExecution$4.withWorkspace(TaskExecution.java:293)
15.226 [ERROR] [org.gradle.internal.buildevents.BuildExceptionReporter]   at org.gradle.internal.execution.steps.AssignWorkspaceStep.execute(AssignWorkspaceStep.java:30)
15.226 [ERROR] [org.gradle.internal.buildevents.BuildExceptionReporter]   at org.gradle.internal.execution.steps.AssignWorkspaceStep.execute(AssignWorkspaceStep.java:21)
15.226 [ERROR] [org.gradle.internal.buildevents.BuildExceptionReporter]   at org.gradle.internal.execution.steps.IdentityCacheStep.execute(IdentityCacheStep.java:37)
15.226 [ERROR] [org.gradle.internal.buildevents.BuildExceptionReporter]   at org.gradle.internal.execution.steps.IdentityCacheStep.execute(IdentityCacheStep.java:27)
15.226 [ERROR] [org.gradle.internal.buildevents.BuildExceptionReporter]   at org.gradle.internal.execution.steps.IdentifyStep.execute(IdentifyStep.java:47)
15.226 [ERROR] [org.gradle.internal.buildevents.BuildExceptionReporter]   at org.gradle.internal.execution.steps.IdentifyStep.execute(IdentifyStep.java:34)
15.226 [ERROR] [org.gradle.internal.buildevents.BuildExceptionReporter]   at org.gradle.internal.execution.impl.DefaultExecutionEngine$1.execute(DefaultExecutionEngine.java:64)
15.226 [ERROR] [org.gradle.internal.buildevents.BuildExceptionReporter]   at org.gradle.api.internal.tasks.execution.ExecuteActionsTaskExecuter.executeIfValid(ExecuteActionsTaskExecuter.java:145)
15.226 [ERROR] [org.gradle.internal.buildevents.BuildExceptionReporter]   at org.gradle.api.internal.tasks.execution.ExecuteActionsTaskExecuter.execute(ExecuteActionsTaskExecuter.java:134)
15.226 [ERROR] [org.gradle.internal.buildevents.BuildExceptionReporter]   at org.gradle.api.internal.tasks.execution.FinalizePropertiesTaskExecuter.execute(FinalizePropertiesTaskExecuter.java:46)
15.226 [ERROR] [org.gradle.internal.buildevents.BuildExceptionReporter]   at org.gradle.api.internal.tasks.execution.ResolveTaskExecutionModeExecuter.execute(ResolveTaskExecutionModeExecuter.java:51)
15.226 [ERROR] [org.gradle.internal.buildevents.BuildExceptionReporter]   at org.gradle.api.internal.tasks.execution.SkipTaskWithNoActionsExecuter.execute(SkipTaskWithNoActionsExecuter.java:57)
15.226 [ERROR] [org.gradle.internal.buildevents.BuildExceptionReporter]   at org.gradle.api.internal.tasks.execution.SkipOnlyIfTaskExecuter.execute(SkipOnlyIfTaskExecuter.java:74)
15.226 [ERROR] [org.gradle.internal.buildevents.BuildExceptionReporter]   at org.gradle.api.internal.tasks.execution.CatchExceptionTaskExecuter.execute(CatchExceptionTaskExecuter.java:36)
15.226 [ERROR] [org.gradle.internal.buildevents.BuildExceptionReporter]   at org.gradle.api.internal.tasks.execution.EventFiringTaskExecuter$1.executeTask(EventFiringTaskExecuter.java:77)
15.226 [ERROR] [org.gradle.internal.buildevents.BuildExceptionReporter]   at org.gradle.api.internal.tasks.execution.EventFiringTaskExecuter$1.call(EventFiringTaskExecuter.java:55)
15.227 [ERROR] [org.gradle.internal.buildevents.BuildExceptionReporter]   at org.gradle.api.internal.tasks.execution.EventFiringTaskExecuter$1.call(EventFiringTaskExecuter.java:52)
15.227 [ERROR] [org.gradle.internal.buildevents.BuildExceptionReporter]   at org.gradle.internal.operations.DefaultBuildOperationRunner$CallableBuildOperationWorker.execute(DefaultBuildOperationRunner.java:204)
15.227 [ERROR] [org.gradle.internal.buildevents.BuildExceptionReporter]   at org.gradle.internal.operations.DefaultBuildOperationRunner$CallableBuildOperationWorker.execute(DefaultBuildOperationRunner.java:199)
15.227 [ERROR] [org.gradle.internal.buildevents.BuildExceptionReporter]   at org.gradle.internal.operations.DefaultBuildOperationRunner$2.execute(DefaultBuildOperationRunner.java:66)
15.227 [ERROR] [org.gradle.internal.buildevents.BuildExceptionReporter]   at org.gradle.internal.operations.DefaultBuildOperationRunner$2.execute(DefaultBuildOperationRunner.java:59)
15.227 [ERROR] [org.gradle.internal.buildevents.BuildExceptionReporter]   at org.gradle.internal.operations.DefaultBuildOperationRunner.execute(DefaultBuildOperationRunner.java:157)
15.227 [ERROR] [org.gradle.internal.buildevents.BuildExceptionReporter]   at org.gradle.internal.operations.DefaultBuildOperationRunner.execute(DefaultBuildOperationRunner.java:59)
15.227 [ERROR] [org.gradle.internal.buildevents.BuildExceptionReporter]   at org.gradle.internal.operations.DefaultBuildOperationRunner.call(DefaultBuildOperationRunner.java:53)
15.227 [ERROR] [org.gradle.internal.buildevents.BuildExceptionReporter]   at org.gradle.internal.operations.DefaultBuildOperationExecutor.call(DefaultBuildOperationExecutor.java:73)
15.227 [ERROR] [org.gradle.internal.buildevents.BuildExceptionReporter]   at org.gradle.api.internal.tasks.execution.EventFiringTaskExecuter.execute(EventFiringTaskExecuter.java:52)
15.227 [ERROR] [org.gradle.internal.buildevents.BuildExceptionReporter]   at org.gradle.execution.plan.LocalTaskNodeExecutor.execute(LocalTaskNodeExecutor.java:42)
15.227 [ERROR] [org.gradle.internal.buildevents.BuildExceptionReporter]   at org.gradle.execution.taskgraph.DefaultTaskExecutionGraph$InvokeNodeExecutorsAction.execute(DefaultTaskExecutionGraph.java:331)
15.227 [ERROR] [org.gradle.internal.buildevents.BuildExceptionReporter]   at org.gradle.execution.taskgraph.DefaultTaskExecutionGraph$InvokeNodeExecutorsAction.execute(DefaultTaskExecutionGraph.java:318)
15.227 [ERROR] [org.gradle.internal.buildevents.BuildExceptionReporter]   at org.gradle.execution.taskgraph.DefaultTaskExecutionGraph$BuildOperationAwareExecutionAction.lambda$execute$0(DefaultTaskExecutionGraph.java:314)
15.227 [ERROR] [org.gradle.internal.buildevents.BuildExceptionReporter]   at org.gradle.internal.operations.CurrentBuildOperationRef.with(CurrentBuildOperationRef.java:80)
15.227 [ERROR] [org.gradle.internal.buildevents.BuildExceptionReporter]   at org.gradle.execution.taskgraph.DefaultTaskExecutionGraph$BuildOperationAwareExecutionAction.execute(DefaultTaskExecutionGraph.java:314)
15.227 [ERROR] [org.gradle.internal.buildevents.BuildExceptionReporter]   at org.gradle.execution.taskgraph.DefaultTaskExecutionGraph$BuildOperationAwareExecutionAction.execute(DefaultTaskExecutionGraph.java:303)
15.227 [ERROR] [org.gradle.internal.buildevents.BuildExceptionReporter]   at org.gradle.execution.plan.DefaultPlanExecutor$ExecutorWorker.execute(DefaultPlanExecutor.java:463)
15.227 [ERROR] [org.gradle.internal.buildevents.BuildExceptionReporter]   at org.gradle.execution.plan.DefaultPlanExecutor$ExecutorWorker.run(DefaultPlanExecutor.java:380)
15.227 [ERROR] [org.gradle.internal.buildevents.BuildExceptionReporter]   at org.gradle.internal.concurrent.ExecutorPolicy$CatchAndRecordFailures.onExecute(ExecutorPolicy.java:64)
15.227 [ERROR] [org.gradle.internal.buildevents.BuildExceptionReporter]   at org.gradle.internal.concurrent.AbstractManagedExecutor$1.run(AbstractManagedExecutor.java:47)
15.227 [ERROR] [org.gradle.internal.buildevents.BuildExceptionReporter]
15.228 [WARN] [org.gradle.internal.featurelifecycle.LoggingDeprecatedFeatureHandler]
Deprecated Gradle features were used in this build, making it incompatible with Gradle 9.0.

You can use '--warning-mode all' to show the individual deprecation warnings and determine if they come from your own scripts or plugins.

For more on this, please refer to https://docs.gradle.org/8.5/userguide/command_line_interface.html#sec:command_line_warnings in the Gradle documentation.
15.228 [ERROR] [org.gradle.internal.buildevents.BuildResultLogger]
15.229 [ERROR] [org.gradle.internal.buildevents.BuildResultLogger] BUILD FAILED in 21s
15.237 [LIFECYCLE] [org.gradle.internal.buildevents.TaskExecutionStatisticsReporter] 1 actionable task: 1 executed
15.239 [DEBUG] [org.gradle.internal.operations.DefaultBuildOperationRunner] Build operation 'Build finished for file system watching' starte
15.255 [DEBUG] [org.gradle.internal.operations.DefaultBuildOperationRunner] Completing Build operation 'Build finished for file system watching'
15.255 [DEBUG] [org.gradle.internal.operations.DefaultBuildOperationRunner] Build operation 'Build finished for file system watching' completed
15.265 [DEBUG] [org.gradle.cache.internal.LockOnDemandCrossProcessCacheAccess] Releasing file lock for cache directory md-supplier (/home/synapse/.gradle/caches/8.5/md-supplier)
15.266 [DEBUG] [org.gradle.cache.internal.DefaultFileLockManager] Releasing lock on cache directory md-supplier (/home/synapse/.gradle/caches/8.5/md-supplier).
15.284 [DEBUG] [org.gradle.cache.internal.LockOnDemandCrossProcessCacheAccess] Releasing file lock for execution history cache (.gradle/8.5/executionHistory)
15.285 [DEBUG] [org.gradle.cache.internal.btree.BTreePersistentIndexedCache] Closing cache executionHistory.bin (.gradle/8.5/executionHistory/executionHistory.bin)
15.286 [DEBUG] [org.gradle.cache.internal.DefaultFileLockManager] Releasing lock on execution history cache (.gradle/8.5/executionHistory).
15.286 [DEBUG] [org.gradle.cache.internal.LockOnDemandCrossProcessCacheAccess] Releasing file lock for Build Output Cleanup Cache (.gradle/buildOutputCleanup)
15.287 [DEBUG] [org.gradle.cache.internal.btree.BTreePersistentIndexedCache] Closing cache outputFiles.bin (.gradle/buildOutputCleanup/outputFiles.bin)
15.287 [DEBUG] [org.gradle.cache.internal.DefaultFileLockManager] Releasing lock on Build Output Cleanup Cache (.gradle/buildOutputCleanup).
15.289 [DEBUG] [org.gradle.cache.internal.LockOnDemandCrossProcessCacheAccess] Releasing file lock for cache directory md-rule (/home/synapse/.gradle/caches/8.5/md-rule)
15.289 [DEBUG] [org.gradle.cache.internal.DefaultFileLockManager] Releasing lock on cache directory md-rule (/home/synapse/.gradle/caches/8.5/md-rule).
15.294 [DEBUG] [org.gradle.api.internal.artifacts.ivyservice.resolveengine.store.CachedStoreFactory] Resolution result cache closed. Cache reads: 0, disk reads: 1 (avg: 0.014 secs, total: 0.014 secs)
15.295 [DEBUG] [org.gradle.api.internal.artifacts.ivyservice.resolveengine.store.CachedStoreFactory] Resolution result cache closed. Cache reads: 0, disk reads: 0 (avg: 0.0 secs, total: 0.0 secs)
15.295 [DEBUG] [org.gradle.api.internal.artifacts.ivyservice.resolveengine.store.ResolutionResultsStoreFactory] Deleted 4 resolution results binary files in 0.002 secs
15.299 [DEBUG] [org.gradle.internal.operations.DefaultBuildOperationRunner] Completing Build operation 'Run build'
15.300 [DEBUG] [org.gradle.internal.operations.DefaultBuildOperationRunner] Build operation 'Run build' completed
15.300 [DEBUG] [org.gradle.internal.resources.AbstractTrackedResourceLock] Daemon worker Thread 3: released lock on worker lease
15.380 [DEBUG] [org.gradle.deployment.internal.DefaultDeploymentRegistry] Stopping 0 deployment handles
15.380 [DEBUG] [org.gradle.deployment.internal.DefaultDeploymentRegistry] Stopped deployment handles
15.381 [DEBUG] [org.gradle.cache.internal.DefaultPersistentDirectoryStore] VCS Checkout Cache (.gradle/vcs-1) has last been fully cleaned up 0 hours ago
15.381 [DEBUG] [org.gradle.cache.internal.DefaultCacheCoordinator] Cache VCS Checkout Cache (.gradle/vcs-1) was closed 0 times.
15.381 [DEBUG] [org.gradle.cache.internal.DefaultCacheCoordinator] Cache VCS metadata (.gradle/8.5/vcsMetadata) was closed 0 times.
15.382 [DEBUG] [org.gradle.cache.internal.LockOnDemandCrossProcessCacheAccess] Releasing file lock for checksums cache (.gradle/8.5/checksums)
15.382 [DEBUG] [org.gradle.cache.internal.btree.BTreePersistentIndexedCache] Closing cache md5-checksums.bin (.gradle/8.5/checksums/md5-checksums.bin)
15.382 [DEBUG] [org.gradle.cache.internal.btree.BTreePersistentIndexedCache] Closing cache sha1-checksums.bin (.gradle/8.5/checksums/sha1-checksums.bin)
15.383 [DEBUG] [org.gradle.cache.internal.DefaultFileLockManager] Releasing lock on checksums cache (.gradle/8.5/checksums).
15.383 [DEBUG] [org.gradle.cache.internal.LockOnDemandCrossProcessCacheAccess] Releasing file lock for file hash cache (.gradle/8.5/fileHashes)
15.383 [DEBUG] [org.gradle.cache.internal.btree.BTreePersistentIndexedCache] Closing cache fileHashes.bin (.gradle/8.5/fileHashes/fileHashes.bin)
15.384 [DEBUG] [org.gradle.cache.internal.btree.BTreePersistentIndexedCache] Closing cache resourceHashesCache.bin (.gradle/8.5/fileHashes/resourceHashesCache.bin)
15.384 [DEBUG] [org.gradle.cache.internal.DefaultFileLockManager] Releasing lock on file hash cache (.gradle/8.5/fileHashes).
15.384 [DEBUG] [org.gradle.cache.internal.LockOnDemandCrossProcessCacheAccess] Releasing file lock for dependencies-accessors (.gradle/8.5/dependencies-accessors)
15.384 [DEBUG] [org.gradle.cache.internal.DefaultFileLockManager] Releasing lock on dependencies-accessors (.gradle/8.5/dependencies-accessors).
15.385 [DEBUG] [org.gradle.cache.internal.DefaultPersistentDirectoryStore] dependencies-accessors (.gradle/8.5/dependencies-accessors) has last been fully cleaned up 0 hours ago
15.390 [DEBUG] [org.gradle.launcher.daemon.server.exec.ExecuteBuild] The daemon has finished executing the build.
15.563 [DEBUG] [org.gradle.launcher.daemon.client.DaemonClientInputForwarder] Dispatching close input message: org.gradle.launcher.daemon.protocol.CloseInput@2fbd7bd5
15.563 [DEBUG] [org.gradle.launcher.daemon.client.DaemonClientConnection] thread 17: dispatching class org.gradle.launcher.daemon.protocol.CloseInput
15.570 [DEBUG] [org.gradle.launcher.daemon.client.DaemonClient] Received result Success[value=org.gradle.launcher.exec.BuildActionResult@487db668] from daemon DaemonInfo{pid=11628, address=[6e9b3daa-b376-4071-8651-c7b47734e2ea port:35333, addresses:[/127.0.0.1]], state=Idle, lastBusy=1740228416273, context=DefaultDaemonContext[uid=494569e8-95e4-437a-a8e5-1038b1569fce,javaHome=/usr/local/jdk-21,daemonRegistryDir=/home/synapse/.gradle/daemon,pid=11628,idleTimeout=10800000,priority=NORMAL,applyInstrumentationAgent=true,daemonOpts=--add-opens=java.base/java.util=ALL-UNNAMED,--add-opens=java.base/java.lang=ALL-UNNAMED,--add-opens=java.base/java.lang.invoke=ALL-UNNAMED,--add-opens=java.prefs/java.util.prefs=ALL-UNNAMED,--add-opens=java.base/java.nio.charset=ALL-UNNAMED,--add-opens=java.base/java.net=ALL-UNNAMED,--add-opens=java.base/java.util.concurrent.atomic=ALL-UNNAMED,-XX:MaxMetaspaceSize=384m,-XX:+HeapDumpOnOutOfMemoryError,-Xms256m,-Xmx512m,-Dfile.encoding=UTF-8,-Duser.country=US,-Duser.language=en,-Duser.variant]} (build should be done).
15.570 [DEBUG] [org.gradle.launcher.daemon.client.DaemonClientConnection] thread 1: dispatching class org.gradle.launcher.daemon.protocol.Finished
15.570 [DEBUG] [org.gradle.launcher.daemon.client.DaemonClientConnection] thread 1: connection stop
15.578 [LIFECYCLE] [org.gradle.launcher.cli.DebugLoggerWarningAction]